<?xml version="1.0" encoding="UTF-8"?>
<!-- Generated by org.testng.reporters.JUnitReportReporter -->
<testsuite skipped="0" hostname="CLASS57" name="com.example.selenium.ide.tests.regres.SubclassDeleteTest" tests="4" failures="0" timestamp="06 вер. 2017 08:53:24 GMT" time="4.036" errors="0">
  <testcase name="testCancelDelettingByX" time="1.499" classname="com.example.selenium.ide.tests.regres.SubclassDeleteTest"/>
  <testcase name="testCancelDelettingByOKConfirmMessageAppear" time="1.767" classname="com.example.selenium.ide.tests.regres.SubclassDeleteTest"/>
  <testcase name="testCancelDelettingByCancelButton" time="0.514" classname="com.example.selenium.ide.tests.regres.SubclassDeleteTest"/>
  <testcase name="testConfirmMessageAppear" time="0.256" classname="com.example.selenium.ide.tests.regres.SubclassDeleteTest"/>
</testsuite> <!-- com.example.selenium.ide.tests.regres.SubclassDeleteTest -->
