<?xml version="1.0" encoding="UTF-8"?>
<!-- Generated by org.testng.reporters.JUnitReportReporter -->
<testsuite skipped="0" hostname="DESKTOP-JTO9J50" name="com.example.selenium.ide.tests.DollarCourse" tests="1" failures="0" timestamp="06 вер. 2017 21:44:41 GMT" time="24.759" errors="0">
  <testcase name="testCourseUSD" time="24.759" classname="com.example.selenium.ide.tests.DollarCourse"/>
</testsuite> <!-- com.example.selenium.ide.tests.DollarCourse -->
