<?xml version="1.0" encoding="UTF-8"?>
<!-- Generated by org.testng.reporters.JUnitReportReporter -->
<testsuite skipped="0" hostname="CLASS57" name="com.example.selenium.ide.tests.HaveClassTodayTest" tests="1" failures="0" timestamp="06 вер. 2017 07:01:41 GMT" time="7.183" errors="0">
  <testcase name="testDayclass" time="7.183" classname="com.example.selenium.ide.tests.HaveClassTodayTest"/>
</testsuite> <!-- com.example.selenium.ide.tests.HaveClassTodayTest -->
