<?xml version="1.0" encoding="UTF-8"?>
<!-- Generated by org.testng.reporters.JUnitReportReporter -->
<testsuite skipped="0" hostname="DESKTOP-JTO9J50" name="com.example.selenium.ide.tests.NewwwTest" tests="1" failures="0" timestamp="04 вер. 2017 19:20:44 GMT" time="6.660" errors="0">
  <testcase name="testDayclass" time="6.660" classname="com.example.selenium.ide.tests.NewwwTest"/>
</testsuite> <!-- com.example.selenium.ide.tests.NewwwTest -->
