<?xml version="1.0" encoding="UTF-8"?>
<!-- Generated by org.testng.reporters.JUnitReportReporter -->
<testsuite skipped="0" hostname="DESKTOP-JTO9J50" name="com.example.selenium.ide.tests.ScheduleTest" tests="1" failures="0" timestamp="06 вер. 2017 21:44:41 GMT" time="14.926" errors="0">
  <testcase name="testSchedule" time="14.926" classname="com.example.selenium.ide.tests.ScheduleTest"/>
</testsuite> <!-- com.example.selenium.ide.tests.ScheduleTest -->
