<?xml version="1.0" encoding="UTF-8"?>
<!-- Generated by org.testng.reporters.JUnitReportReporter -->
<testsuite skipped="0" hostname="DESKTOP-JTO9J50" name="com.example.selenium.ide.tests.regres.SubclassDeleteTest" tests="5" failures="0" timestamp="06 вер. 2017 21:44:40 GMT" time="19.686" errors="0">
  <testcase name="testCancelDelettingByX" time="0.829" classname="com.example.selenium.ide.tests.regres.SubclassDeleteTest"/>
  <testcase name="testCancelDelettingByCancelButton" time="5.277" classname="com.example.selenium.ide.tests.regres.SubclassDeleteTest"/>
  <testcase name="testConfirmMessageAppear" time="0.837" classname="com.example.selenium.ide.tests.regres.SubclassDeleteTest"/>
  <testcase name="testCancelDelettingBySystem" time="1.960" classname="com.example.selenium.ide.tests.regres.SubclassDeleteTest"/>
  <testcase name="testDeleteByOkButton" time="10.783" classname="com.example.selenium.ide.tests.regres.SubclassDeleteTest"/>
</testsuite> <!-- com.example.selenium.ide.tests.regres.SubclassDeleteTest -->
