<?xml version="1.0" encoding="UTF-8"?>
<!-- Generated by org.testng.reporters.JUnitReportReporter -->
<testsuite skipped="0" hostname="CLASS57" name="com.example.selenium.ide.tests.ScheduleTest" tests="1" failures="0" timestamp="06 вер. 2017 07:01:23 GMT" time="6.835" errors="0">
  <testcase name="testSchedule" time="6.835" classname="com.example.selenium.ide.tests.ScheduleTest"/>
</testsuite> <!-- com.example.selenium.ide.tests.ScheduleTest -->
